
[38;5;218m[1m
  ✦·:·:·:·:·:·:·:·:·:·:·:·:·:·:·:·:·:·:·✦
  ✦                                       ✦
  ✦    [38;5;228m(\(\[38;5;218m                             ✦
  ✦    [38;5;228m( •ᴗ•)[38;5;218m  ★ KIRBY'S MUSIC STAR ★   ✦
  ✦    [38;5;228m(つ🌟つ[38;5;218m   dreamland radio player  ✦
  ✦                                       ✦
  ✦·:·:·:·:·:·:·:·:·:·:·:·:·:·:·:·:·:·:·✦
[0m
  [38;5;228m[1m✦ Commands ✦[0m
  [38;5;218m[P/play][0m [38;5;223mplay current[0m
  [38;5;218m[N/next][0m [38;5;223mnext track[0m
  [38;5;218m[B/back][0m [38;5;223mprevious[0m
  [38;5;218m[R/random][0m [38;5;223msurprise! ★[0m
  [38;5;218m[S/stop][0m [38;5;223mstop[0m
  [38;5;218m[L/list][0m [38;5;223mshow playlist[0m
  [38;5;218m[H/history][0m [38;5;223mlistening diary[0m
  [38;5;218m[Q/quit][0m [38;5;223mgoodbye~[0m
  [38;5;218m[1-27][0m [38;5;223mplay by number[0m

  [38;5;240mArtist shortcuts:[0m
  [38;5;218m[lana][0m [38;5;240mLana Del Rey[0m
  [38;5;218m[beegees][0m [38;5;240mBee Gees[0m
  [38;5;218m[mj][0m [38;5;240mMichael Jackson[0m
  [38;5;218m[chopin][0m [38;5;240mChopin[0m
  [38;5;218m[billie][0m [38;5;240mBillie Eilish[0m
  [38;5;218m[cas][0m [38;5;240mCAS[0m


[38;5;228m[1m  ✦ KIRBY'S DREAMLAND PLAYLIST ✦[0m
  [38;5;218m·:·:·:·:·:·:·:·:·:·:·:·:·:·:·:·:·[0m

  [38;5;205m[1m🌹 Lana Del Rey[0m  [38;5;240mdreamy & cinematic[0m
  [38;5;205m🌹 ( •ᴗ•) 🌹[0m
    [38;5;205m▶ [0m[38;5;240m[01][0m Summertime Sadness [38;5;228m★[0m
      [38;5;240m[02][0m Young and Beautiful
      [38;5;240m[03][0m Video Games
      [38;5;240m[04][0m Born To Die
      [38;5;240m[05][0m Blue Jeans
      [38;5;240m[06][0m Ride

  [38;5;228m[1m🕺 Bee Gees[0m  [38;5;240mdisco fever ★[0m
  [38;5;228m🕺 (ᗒᗨᗕ) 🕺[0m
      [38;5;240m[07][0m Stayin' Alive
      [38;5;240m[08][0m Night Fever
      [38;5;240m[09][0m How Deep Is Your Love
      [38;5;240m[10][0m More Than a Woman

  [38;5;117m[1m🎤 Michael Jackson[0m  [38;5;240mlegendary pop[0m
  [38;5;117m🎤 ( •ω•) 🎤[0m
      [38;5;240m[11][0m Thriller
      [38;5;240m[12][0m Billie Jean
      [38;5;240m[13][0m Beat It
      [38;5;240m[14][0m Man in the Mirror
      [38;5;240m[15][0m Speed Demon

  [38;5;183m[1m🎹 Chopin[0m  [38;5;240mromantic classical[0m
  [38;5;183m🎹 ( -ω-) 🎹[0m
      [38;5;240m[16][0m Nocturne Op. 9 No. 2
      [38;5;240m[17][0m Ballade No. 1 in G minor
      [38;5;240m[18][0m Fantasie Impromptu
      [38;5;240m[19][0m Raindrop Prelude Op. 28 No. 15
      [38;5;240m[20][0m Waltz in C-sharp minor

  [38;5;240m[1m🖤 Billie Eilish[0m  [38;5;240mdark & ethereal[0m
  [38;5;240m🖤 ( •̀ᴗ•́) 🖤[0m
      [38;5;240m[21][0m bad guy
      [38;5;240m[22][0m Ocean Eyes
      [38;5;240m[23][0m You Should See Me in a Crown
      [38;5;240m[24][0m lovely (with Khalid)
      [38;5;240m[25][0m Happier Than Ever

  [38;5;121m[1m✨ CAS[0m  [38;5;240msoft indie dream[0m
  [38;5;121m✨ ( ᵕ̈ ) ✨[0m
      [38;5;240m[26][0m I Am a Dreamer
      [38;5;240m[27][0m Thinking of You

  [38;5;218m·:·:·:·:·:·:·:·:·:·:·:·:·:·:·:·:·[0m

  [38;5;218m(•ᴗ•)♪ > [0m
[38;5;228m
       ★彡
    (\(\  彡★
    ( •ᴗ•) ★
    (つ★つ彡
     (  )
     |__|
[0m
  [38;5;218m[1mBye bye! Kirby loves you~ 🌟[0m

